build/app/outputs/mapping/release/configuration.txt
# The proguard configuration file for the following section is intermediates/proguard-files/proguard-android.txt-4.1.0
# This is a configuration file for ProGuard.
# http://proguard.sourceforge.net/index.html#manual/usage.html
#
# Starting with version 2.2 of the Android plugin for Gradle, this file is distributed together with
# the plugin and unpacked at build-time. The files in $ANDROID_HOME are no longer maintained and
# will be ignored by new version of the Android plugin for Gradle.

# Optimization is turned off by default. Dex does not like code run
# through the ProGuard optimize steps (and performs some
# of these optimizations on its own).
# Note that if you want to enable optimization, you cannot just
# include optimization flags in your own project configuration file;
# instead you will need to point to the
# "proguard-android-optimize.txt" file instead of this one from your
# project.properties file.
-dontoptimize

-dontusemixedcaseclassnames
-dontskipnonpubliclibraryclasses
-verbose

# Preserve some attributes that may be required for reflection.
-keepattributes *Annotation*,Signature,InnerClasses,EnclosingMethod

-keep public class com.google.vending.licensing.ILicensingService
-keep public class com.android.vending.licensing.ILicensingService
-keep public class com.google.android.vending.licensing.ILicensingService
-dontnote com.android.vending.licensing.ILicensingService
-dontnote com.google.vending.licensing.ILicensingService
-dontnote com.google.android.vending.licensing.ILicensingService

# For native methods, see http://proguard.sourceforge.net/manual/examples.html#native
-keepclasseswithmembernames,includedescriptorclasses class * {
    native <methods>;
}

# Keep setters in Views so that animations can still work.
-keepclassmembers public class * extends android.view.View {
    void set*(***);
    *** get*();
}

# We want to keep methods in Activity that could be used in the XML attribute onClick.
-keepclassmembers class * extends android.app.Activity {
    public void *(android.view.View);
}

# For enumeration classes, see http://proguard.sourceforge.net/manual/examples.html#enumerations
-keepclassmembers enum * {
    public static **[] values();
    public static ** valueOf(java.lang.String);
}

-keepclassmembers class * implements android.os.Parcelable {
    public static final ** CREATOR;
}

# Preserve annotated Javascript interface methods.
-keepclassmembers class * {
    @android.webkit.JavascriptInterface <methods>;
}

# The support libraries contains references to newer platform versions.
# Don't warn about those in case this app is linking against an older
# platform version. We know about them, and they are safe.
-dontnote android.support.**
-dontnote androidx.**
-dontwarn android.support.**
-dontwarn androidx.**

# This class is deprecated, but remains for backward compatibility.
-dontwarn android.util.FloatMath

# Understand the @Keep support annotation.
-keep class android.support.annotation.Keep
-keep class androidx.annotation.Keep

-keep @android.support.annotation.Keep class * {*;}
-keep @androidx.annotation.Keep class * {*;}

-keepclasseswithmembers class * {
    @android.support.annotation.Keep <methods>;
}

-keepclasseswithmembers class * {
    @androidx.annotation.Keep <methods>;
}

-keepclasseswithmembers class * {
    @android.support.annotation.Keep <fields>;
}

-keepclasseswithmembers class * {
    @androidx.annotation.Keep <fields>;
}

-keepclasseswithmembers class * {
    @android.support.annotation.Keep <init>(...);
}

-keepclasseswithmembers class * {
    @androidx.annotation.Keep <init>(...);
}

# These classes are duplicated between android.jar and org.apache.http.legacy.jar.
-dontnote org.apache.http.**
-dontnote android.net.http.**

# These classes are duplicated between android.jar and core-lambda-stubs.jar.
-dontnote java.lang.invoke.**

# End of content from intermediates/proguard-files/proguard-android.txt-4.1.0
# The proguard configuration file for the following section is flutter_tools/gradle/flutter_proguard_rules.pro
# Build the ephemeral app in a module project.
# Prevents: Warning: library class <plugin-package> depends on program class io.flutter.plugin.**
# This is due to plugins (libraries) depending on the embedding (the program jar)
-dontwarn io.flutter.plugin.**

# The android.** package is provided by the OS at runtime.
-dontwarn android.**

# End of content from flutter_tools/gradle/flutter_proguard_rules.pro
# The proguard configuration file for the following section is aapt_proguard_file/release/aapt_rules.txt
-keep class androidx.core.app.CoreComponentFactory { <init>(); }
-keep class androidx.multidex.MultiDexApplication { <init>(); }
-keep class androidx.room.MultiInstanceInvalidationService { <init>(); }
-keep class androidx.startup.InitializationProvider { <init>(); }
-keep class androidx.work.impl.background.systemalarm.ConstraintProxy$BatteryChargingProxy { <init>(); }
-keep class androidx.work.impl.background.systemalarm.ConstraintProxy$BatteryNotLowProxy { <init>(); }
-keep class androidx.work.impl.background.systemalarm.ConstraintProxy$NetworkStateProxy { <init>(); }
-keep class androidx.work.impl.background.systemalarm.ConstraintProxy$StorageNotLowProxy { <init>(); }
-keep class androidx.work.impl.background.systemalarm.ConstraintProxyUpdateReceiver { <init>(); }
-keep class androidx.work.impl.background.systemalarm.RescheduleReceiver { <init>(); }
-keep class androidx.work.impl.background.systemalarm.SystemAlarmService { <init>(); }
-keep class androidx.work.impl.background.systemjob.SystemJobService { <init>(); }
-keep class androidx.work.impl.diagnostics.DiagnosticsReceiver { <init>(); }
-keep class androidx.work.impl.foreground.SystemForegroundService { <init>(); }
-keep class androidx.work.impl.utils.ForceStopRunnable$BroadcastReceiver { <init>(); }
-keep class br.com.nortemkt.alba_app.MainActivity { <init>(); }
-keep class com.github.florent37.assets_audio_player.notification.CustomMediaButtonReceiver { <init>(); }
-keep class com.github.florent37.assets_audio_player.notification.NotificationActionReceiver { <init>(); }
-keep class com.github.florent37.assets_audio_player.notification.NotificationService { <init>(); }
-keep class com.google.android.datatransport.runtime.backends.TransportBackendDiscovery { <init>(); }
-keep class com.google.android.datatransport.runtime.scheduling.jobscheduling.AlarmManagerSchedulerBroadcastReceiver { <init>(); }
-keep class com.google.android.datatransport.runtime.scheduling.jobscheduling.JobInfoSchedulerService { <init>(); }
-keep class com.google.android.gms.common.api.GoogleApiActivity { <init>(); }
-keep class com.google.android.play.core.assetpacks.AssetPackExtractionService { <init>(); }
-keep class com.google.android.play.core.common.PlayCoreDialogWrapperActivity { <init>(); }
-keep class com.google.android.play.core.missingsplits.PlayCoreMissingSplitsActivity { <init>(); }
-keep class com.google.firebase.components.ComponentDiscoveryService { <init>(); }
-keep class com.google.firebase.iid.FirebaseInstanceIdReceiver { <init>(); }
-keep class com.google.firebase.messaging.FirebaseMessagingService { <init>(); }
-keep class com.google.firebase.provider.FirebaseInitProvider { <init>(); }
-keep class com.onesignal.BootUpReceiver { <init>(); }
-keep class com.onesignal.FCMBroadcastReceiver { <init>(); }
-keep class com.onesignal.FCMIntentJobService { <init>(); }
-keep class com.onesignal.FCMIntentService { <init>(); }
-keep class com.onesignal.FocusDelaySyncJobService { <init>(); }
-keep class com.onesignal.FocusDelaySyncService { <init>(); }
-keep class com.onesignal.HmsMessageServiceOneSignal { <init>(); }
-keep class com.onesignal.NotificationDismissReceiver { <init>(); }
-keep class com.onesignal.NotificationOpenedActivityHMS { <init>(); }
-keep class com.onesignal.NotificationOpenedReceiver { <init>(); }
-keep class com.onesignal.NotificationOpenedReceiverAndroid22AndOlder { <init>(); }
-keep class com.onesignal.PermissionsActivity { <init>(); }
-keep class com.onesignal.SyncJobService { <init>(); }
-keep class com.onesignal.SyncService { <init>(); }
-keep class com.onesignal.UpgradeReceiver { <init>(); }
-keep class io.flutter.plugins.share.ShareFileProvider { <init>(); }
-keep class io.flutter.plugins.urllauncher.WebViewActivity { <init>(); }
-keep class android.widget.Space { <init>(android.content.Context, android.util.AttributeSet); }

-keep class androidx.appcompat.app.AlertController$RecycleListView { <init>(android.content.Context, android.util.AttributeSet); }

-keep class androidx.appcompat.view.menu.ActionMenuItemView { <init>(android.content.Context, android.util.AttributeSet); }

-keep class androidx.appcompat.view.menu.ExpandedMenuView { <init>(android.content.Context, android.util.AttributeSet); }

-keep class androidx.appcompat.view.menu.ListMenuItemView { <init>(android.content.Context, android.util.AttributeSet); }

-keep class androidx.appcompat.widget.ActionBarContainer { <init>(android.content.Context, android.util.AttributeSet); }

-keep class androidx.appcompat.widget.ActionBarContextView { <init>(android.content.Context, android.util.AttributeSet); }

-keep class androidx.appcompat.widget.ActionBarOverlayLayout { <init>(android.content.Context, android.util.AttributeSet); }

-keep class androidx.appcompat.widget.ActionMenuView { <init>(android.content.Context, android.util.AttributeSet); }

-keep class androidx.appcompat.widget.ActivityChooserView$InnerLayout { <init>(android.content.Context, android.util.AttributeSet); }

-keep class androidx.appcompat.widget.AlertDialogLayout { <init>(android.content.Context, android.util.AttributeSet); }

-keep class androidx.appcompat.widget.ButtonBarLayout { <init>(android.content.Context, android.util.AttributeSet); }

-keep class androidx.appcompat.widget.ContentFrameLayout { <init>(android.content.Context, android.util.AttributeSet); }

-keep class androidx.appcompat.widget.DialogTitle { <init>(android.content.Context, android.util.AttributeSet); }

-keep class androidx.appcompat.widget.FitWindowsFrameLayout { <init>(android.content.Context, android.util.AttributeSet); }

-keep class androidx.appcompat.widget.FitWindowsLinearLayout { <init>(android.content.Context, android.util.AttributeSet); }

-keep class androidx.appcompat.widget.SearchView$SearchAutoComplete { <init>(android.content.Context, android.util.AttributeSet); }

-keep class androidx.appcompat.widget.Toolbar { <init>(android.content.Context, android.util.AttributeSet); }

-keep class androidx.appcompat.widget.ViewStubCompat { <init>(android.content.Context, android.util.AttributeSet); }

-keep class androidx.browser.browseractions.BrowserActionsFallbackMenuView { <init>(android.content.Context, android.util.AttributeSet); }

-keep class androidx.core.widget.NestedScrollView { <init>(android.content.Context, android.util.AttributeSet); }

-keep class androidx.recyclerview.widget.RecyclerView { <init>(android.content.Context, android.util.AttributeSet); }

-keep class com.google.android.exoplayer2.ui.AspectRatioFrameLayout { <init>(android.content.Context, android.util.AttributeSet); }

-keep class com.google.android.exoplayer2.ui.SubtitleView { <init>(android.content.Context, android.util.AttributeSet); }

-keep class com.google.android.exoplayer2.ui.TrackSelectionView { <init>(android.content.Context, android.util.AttributeSet); }


# End of content from aapt_proguard_file/release/aapt_rules.txt
# The proguard configuration file for the following section is 6766530a1a31b1c6821f1a7e071f39c0/jetified-OneSignal-4.6.3/proguard.txt
-dontwarn com.onesignal.**

# These 2 methods are called with reflection.
-keep class com.google.android.gms.common.api.GoogleApiClient {
    void connect();
    void disconnect();
}

# Need to keep as these 2 methods are called with reflection from com.onesignal.PushRegistratorFCM
-keep class com.google.firebase.iid.FirebaseInstanceId {
    static com.google.firebase.iid.FirebaseInstanceId getInstance(com.google.firebase.FirebaseApp);
    java.lang.String getToken(java.lang.String, java.lang.String);
}

-keep class com.onesignal.ActivityLifecycleListenerCompat** {*;}

# Observer backcall methods are called with reflection
-keep class com.onesignal.OSSubscriptionState {
    void changed(com.onesignal.OSPermissionState);
}

-keep class com.onesignal.OSPermissionChangedInternalObserver {
    void changed(com.onesignal.OSPermissionState);
}

-keep class com.onesignal.OSSubscriptionChangedInternalObserver {
    void changed(com.onesignal.OSSubscriptionState);
}

-keep class com.onesignal.OSEmailSubscriptionChangedInternalObserver {
    void changed(com.onesignal.OSEmailSubscriptionState);
}

-keep class com.onesignal.OSSMSSubscriptionChangedInternalObserver {
    void changed(com.onesignal.OSSMSSubscriptionState);
}

-keep class ** implements com.onesignal.OSPermissionObserver {
    void onOSPermissionChanged(com.onesignal.OSPermissionStateChanges);
}

-keep class ** implements com.onesignal.OSSubscriptionObserver {
    void onOSSubscriptionChanged(com.onesignal.OSSubscriptionStateChanges);
}

-keep class ** implements com.onesignal.OSEmailSubscriptionObserver {
    void onOSEmailSubscriptionChanged(com.onesignal.OSEmailSubscriptionStateChanges);
}

-keep class ** implements com.onesignal.OSSMSSubscriptionObserver {
    void onOSEmailSubscriptionChanged(com.onesignal.OSSMSSubscriptionStateChanges);
}

-keep class com.onesignal.shortcutbadger.impl.AdwHomeBadger { <init>(...); }
-keep class com.onesignal.shortcutbadger.impl.ApexHomeBadger { <init>(...); }
-keep class com.onesignal.shortcutbadger.impl.AsusHomeBadger { <init>(...); }
-keep class com.onesignal.shortcutbadger.impl.DefaultBadger { <init>(...); }
-keep class com.onesignal.shortcutbadger.impl.EverythingMeHomeBadger { <init>(...); }
-keep class com.onesignal.shortcutbadger.impl.HuaweiHomeBadger { <init>(...); }
-keep class com.onesignal.shortcutbadger.impl.LGHomeBadger { <init>(...); }
-keep class com.onesignal.shortcutbadger.impl.NewHtcHomeBadger { <init>(...); }
-keep class com.onesignal.shortcutbadger.impl.NovaHomeBadger { <init>(...); }
-keep class com.onesignal.shortcutbadger.impl.OPPOHomeBader { <init>(...); }
-keep class com.onesignal.shortcutbadger.impl.SamsungHomeBadger { <init>(...); }
-keep class com.onesignal.shortcutbadger.impl.SonyHomeBadger { <init>(...); }
-keep class com.onesignal.shortcutbadger.impl.VivoHomeBadger { <init>(...); }
-keep class com.onesignal.shortcutbadger.impl.XiaomiHomeBadger { <init>(...); }
-keep class com.onesignal.shortcutbadger.impl.ZukHomeBadger { <init>(...); }


-dontwarn com.amazon.**

-dontwarn com.huawei.**

# Proguard ends up removing this class even if it is used in AndroidManifest.xml so force keeping it.
-keep public class com.onesignal.ADMMessageHandler {*;}

-keep public class com.onesignal.ADMMessageHandlerJob {*;}

# OSRemoteNotificationReceivedHandler is an interface designed to be extend then referenced in the
#    app's AndroidManifest.xml as a meta-data tag.
# This doesn't count as a hard reference so this entry is required.
-keep class ** implements com.onesignal.OneSignal$OSRemoteNotificationReceivedHandler {
   void remoteNotificationReceived(android.content.Context, com.onesignal.OSNotificationReceivedEvent);
}

-keep class com.onesignal.JobIntentService$* {*;}

-keep class com.onesignal.OneSignalUnityProxy {*;}
# End of content from 6766530a1a31b1c6821f1a7e071f39c0/jetified-OneSignal-4.6.3/proguard.txt
# The proguard configuration file for the following section is b729c56057b1342f8f07eefdb3a2dc42/jetified-exoplayer-ui-2.14.1/proguard.txt
# Proguard rules specific to the UI module.

# Constructor method accessed via reflection in TrackSelectionDialogBuilder
-dontnote androidx.appcompat.app.AlertDialog.Builder
-keepclassmembers class androidx.appcompat.app.AlertDialog$Builder {
  <init>(android.content.Context, int);
  public android.content.Context getContext();
  public androidx.appcompat.app.AlertDialog$Builder setTitle(java.lang.CharSequence);
  public androidx.appcompat.app.AlertDialog$Builder setView(android.view.View);
  public androidx.appcompat.app.AlertDialog$Builder setPositiveButton(int, android.content.DialogInterface$OnClickListener);
  public androidx.appcompat.app.AlertDialog$Builder setNegativeButton(int, android.content.DialogInterface$OnClickListener);
  public androidx.appcompat.app.AlertDialog create();
}
# Equivalent methods needed when the library is de-jetified.
-dontnote androidx.appcompat.app.AlertDialog.Builder
-keepclassmembers class androidx.appcompat.app.AlertDialog$Builder {
  <init>(android.content.Context, int);
  public android.content.Context getContext();
  public androidx.appcompat.app.AlertDialog$Builder setTitle(java.lang.CharSequence);
  public androidx.appcompat.app.AlertDialog$Builder setView(android.view.View);
  public androidx.appcompat.app.AlertDialog$Builder setPositiveButton(int, android.content.DialogInterface$OnClickListener);
  public androidx.appcompat.app.AlertDialog$Builder setNegativeButton(int, android.content.DialogInterface$OnClickListener);
  public androidx.appcompat.app.AlertDialog create();
}

# Don't warn about checkerframework and Kotlin annotations
-dontwarn org.checkerframework.**
-dontwarn kotlin.annotations.jvm.**
-dontwarn javax.annotation.**

# End of content from b729c56057b1342f8f07eefdb3a2dc42/jetified-exoplayer-ui-2.14.1/proguard.txt
# The proguard configuration file for the following section is ad86b8364dafe3749169a467acdcc07a/jetified-exoplayer-core-2.14.1/proguard.txt
# Proguard rules specific to the core module.

# Constant folding for resource integers may mean that a resource passed to this method appears to be unused. Keep the method to prevent this from happening.
-keepclassmembers class com.google.android.exoplayer2.upstream.RawResourceDataSource {
  public static android.net.Uri buildRawResourceUri(int);
}

# Constructors accessed via reflection in DefaultRenderersFactory
-dontnote com.google.android.exoplayer2.ext.vp9.LibvpxVideoRenderer
-keepclassmembers class com.google.android.exoplayer2.ext.vp9.LibvpxVideoRenderer {
  <init>(long, android.os.Handler, com.google.android.exoplayer2.video.VideoRendererEventListener, int);
}
-dontnote com.google.android.exoplayer2.ext.av1.Libgav1VideoRenderer
-keepclassmembers class com.google.android.exoplayer2.ext.av1.Libgav1VideoRenderer {
  <init>(long, android.os.Handler, com.google.android.exoplayer2.video.VideoRendererEventListener, int);
}
-dontnote com.google.android.exoplayer2.ext.opus.LibopusAudioRenderer
-keepclassmembers class com.google.android.exoplayer2.ext.opus.LibopusAudioRenderer {
  <init>(android.os.Handler, com.google.android.exoplayer2.audio.AudioRendererEventListener, com.google.android.exoplayer2.audio.AudioSink);
}
-dontnote com.google.android.exoplayer2.ext.flac.LibflacAudioRenderer
-keepclassmembers class com.google.android.exoplayer2.ext.flac.LibflacAudioRenderer {
  <init>(android.os.Handler, com.google.android.exoplayer2.audio.AudioRendererEventListener, com.google.android.exoplayer2.audio.AudioSink);
}
-dontnote com.google.android.exoplayer2.ext.ffmpeg.FfmpegAudioRenderer
-keepclassmembers class com.google.android.exoplayer2.ext.ffmpeg.FfmpegAudioRenderer {
  <init>(android.os.Handler, com.google.android.exoplayer2.audio.AudioRendererEventListener, com.google.android.exoplayer2.audio.AudioSink);
}

# Constructors accessed via reflection in DefaultDataSource
-dontnote com.google.android.exoplayer2.ext.rtmp.RtmpDataSource
-keepclassmembers class com.google.android.exoplayer2.ext.rtmp.RtmpDataSource {
  <init>();
}

# Constructors accessed via reflection in DefaultDownloaderFactory
-dontnote com.google.android.exoplayer2.source.dash.offline.DashDownloader
-keepclassmembers class com.google.android.exoplayer2.source.dash.offline.DashDownloader {