build/app/outputs/mapping/release/seeds.txt
br.com.nortemkt.alba_app.MainActivity: MainActivity()
br.com.nortemkt.alba_app.MainActivity
...
androidx.recyclerview.widget.RecyclerView: java.lang.CharSequence getAccessibilityClassName()
io.flutter.embedding.engine.plugins.lifecycle.HiddenLifecycleReference: HiddenLifecycleReference(androidx.lifecycle.Lifecycle)
androidx.work.Worker
androidx.appcompat.widget.AppCompatCheckBox: void setBackgroundResource(int)
com.google.android.exoplayer2.ui.SubtitleView: void setApplyEmbeddedFontSizes(boolean)
androidx.appcompat.widget.AppCompatImageButton
com.onesignal.shortcutbadger.impl.NewHtcHomeBadger: NewHtcHomeBadger()
com.onesignal.shortcutbadger.impl.ZukHomeBadger
io.flutter.embedding.engine.FlutterJNI: void onDisplayPlatformView(int,int,int,int,int,int,int,io.flutter.embedding.engine.mutatorsstack.FlutterMutatorsStack)
io.flutter.embedding.engine.renderer.SurfaceTextureWrapper: void detachFromGLContext()
io.flutter.embedding.engine.FlutterJNI: io.flutter.embedding.engine.dart.PlatformMessageHandler platformMessageHandler
androidx.appcompat.widget.SearchView: void setOnSearchClickListener(android.view.View$OnClickListener)
androidx.appcompat.widget.AppCompatSpinner: void setDropDownWidth(int)
kotlinx.coroutines.scheduling.WorkQueue: int blockingTasksInBuffer
com.google.common.base.AbstractIterator$State: com.google.common.base.AbstractIterator$State[] values()
com.google.android.gms.signin.internal.zak: android.os.Parcelable$Creator CREATOR
com.onesignal.shortcutbadger.impl.NovaHomeBadger
io.flutter.plugin.platform.SingleViewPresentation: io.flutter.plugin.platform.AccessibilityEventsDelegate accessibilityEventsDelegate
io.flutter.view.AccessibilityBridge$TextDirection: io.flutter.view.AccessibilityBridge$TextDirection[] values()
com.google.android.exoplayer2.metadata.scte35.SpliceInsertCommand: android.os.Parcelable$Creator CREATOR
com.onesignal.JobIntentService$WorkEnqueuer: android.content.ComponentName mComponentName
com.bumptech.glide.GeneratedAppGlideModule
androidx.lifecycle.CompositeGeneratedAdaptersObserver
com.google.android.gms.common.internal.GetServiceRequest: android.os.Parcelable$Creator CREATOR
androidx.appcompat.widget.LinearLayoutCompat: int getBaselineAlignedChildIndex()
com.onesignal.JobIntentService$CommandProcessor: void onPostExecute(java.lang.Void)
androidx.media.AudioAttributesCompat
io.flutter.embedding.engine.mutatorsstack.FlutterMutatorsStack: void pushTransform(float[])
com.onesignal.JobIntentService$JobServiceEngineImpl: boolean DEBUG
androidx.appcompat.widget.SearchView: void setOnCloseListener(androidx.appcompat.widget.SearchView$OnCloseListener)
com.bumptech.glide.load.EncodeStrategy: com.bumptech.glide.load.EncodeStrategy[] values()
kotlinx.coroutines.android.HandlerDispatcherKt: android.view.Choreographer choreographer
io.flutter.plugin.platform.SingleViewPresentation: android.widget.FrameLayout container
androidx.appcompat.widget.AbsActionBarView: int getAnimatedVisibility()
androidx.appcompat.widget.AppCompatAutoCompleteTextView: android.content.res.ColorStateList getSupportBackgroundTintList()
androidx.appcompat.widget.LinearLayoutCompat: void setHorizontalGravity(int)
com.google.firebase.messaging.reporting.MessagingClientEvent$SDKPlatform: com.google.firebase.messaging.reporting.MessagingClientEvent$SDKPlatform[] values()
io.flutter.embedding.engine.FlutterJNI: void detachFromNativeAndReleaseResources()
io.flutter.embedding.engine.FlutterJNI: void dispatchSemanticsAction(int,io.flutter.view.AccessibilityBridge$Action)
androidx.appcompat.widget.SearchView: void setQueryRefinementEnabled(boolean)
io.flutter.embedding.engine.mutatorsstack.FlutterMutatorView: android.graphics.Matrix getPlatformViewMatrix()
androidx.lifecycle.SavedStateHandleController$OnRecreation
com.google.firebase.datatransport.TransportRegistrar: TransportRegistrar()
androidx.core.content.ContextCompat$Api23Impl: java.lang.String getSystemServiceName(android.content.Context,java.lang.Class)
androidx.appcompat.widget.ScrollingTabContainerView: void setContentHeight(int)