build/app/outputs/mapping/release/mapping.txt
# compiler: R8
# compiler_version: 2.1.62
# min_api: 16
# pg_map_id: d2a1955
# common_typos_disable
...
androidx.appcompat.view.menu.MenuBuilder$Callback -> androidx.appcompat.view.menu.g$a:
    boolean onMenuItemSelected(androidx.appcompat.view.menu.MenuBuilder,android.view.MenuItem) -> a
    void onMenuModeChange(androidx.appcompat.view.menu.MenuBuilder) -> b
androidx.appcompat.view.menu.MenuBuilder$ItemInvoker -> androidx.appcompat.view.menu.g$b:
    boolean invokeItem(androidx.appcompat.view.menu.MenuItemImpl) -> a
androidx.appcompat.view.menu.MenuDialogHelper -> androidx.appcompat.view.menu.h:
    androidx.appcompat.view.menu.MenuBuilder mMenu -> f
    androidx.appcompat.app.AlertDialog mDialog -> g
    androidx.appcompat.view.menu.ListMenuPresenter mPresenter -> h
    androidx.appcompat.view.menu.MenuPresenter$Callback mPresenterCallback -> i
    void dismiss() -> a
    void onCloseMenu(androidx.appcompat.view.menu.MenuBuilder,boolean) -> b
    boolean onOpenSubMenu(androidx.appcompat.view.menu.MenuBuilder) -> c
    void show(android.os.IBinder) -> d
androidx.appcompat.view.menu.MenuItemImpl -> androidx.appcompat.view.menu.i:
    char mShortcutNumericChar -> h
    char mShortcutAlphabeticChar -> j
    android.content.res.ColorStateList mIconTintList -> t
    android.graphics.PorterDuff$Mode mIconTintMode -> u
    int mOrdering -> d
    java.lang.CharSequence mTitleCondensed -> f
    boolean mHasIconTintMode -> w
    int mGroup -> b
    androidx.appcompat.view.menu.SubMenuBuilder mSubMenu -> o
    android.view.MenuItem$OnMenuItemClickListener mClickListener -> q
    android.content.Intent mIntent -> g
    android.view.ContextMenu$ContextMenuInfo mMenuInfo -> E
    java.lang.CharSequence mTooltipText -> s
    int mFlags -> y
    android.graphics.drawable.Drawable mIconDrawable -> l
    int mIconResId -> m
    int mShortcutAlphabeticModifiers -> k
    int mShortcutNumericModifiers -> i
    java.lang.CharSequence mTitle -> e
    boolean mHasIconTint -> v
    boolean mNeedToApplyIconTint -> x
    int mCategoryOrder -> c
    android.view.MenuItem$OnActionExpandListener mOnActionExpandListener -> C
    int mId -> a
    int mShowAsAction -> z
    java.lang.CharSequence mContentDescription -> r
    android.view.View mActionView -> A
    androidx.appcompat.view.menu.MenuBuilder mMenu -> n
    androidx.core.view.ActionProvider mActionProvider -> B
    java.lang.Runnable mItemCallback -> p
    boolean mIsActionViewExpanded -> D
    boolean shouldShowShortcut() -> A
    boolean showsTextAsAction() -> B
androidx.appcompat.view.menu.MenuItemImpl$1 -> androidx.appcompat.view.menu.i$a:
    androidx.appcompat.view.menu.MenuItemImpl this$0 -> a
androidx.appcompat.view.menu.MenuItemWrapperICS -> androidx.appcompat.view.menu.j:
    java.lang.reflect.Method mSetExclusiveCheckableMethod -> e
    androidx.core.internal.view.SupportMenuItem mWrappedObject -> d
    void setExclusiveCheckable(boolean) -> h
androidx.appcompat.view.menu.MenuItemWrapperICS$ActionProviderWrapper -> androidx.appcompat.view.menu.j$a:
    android.view.ActionProvider mInner -> b
    androidx.appcompat.view.menu.MenuItemWrapperICS this$0 -> c
    boolean hasSubMenu() -> a
    android.view.View onCreateActionView() -> c
    boolean onPerformDefaultAction() -> e
    void onPrepareSubMenu(android.view.SubMenu) -> f
androidx.appcompat.view.menu.MenuItemWrapperICS$ActionProviderWrapperJB -> androidx.appcompat.view.menu.j$b:
    androidx.core.view.ActionProvider$VisibilityListener mListener -> d
    boolean isVisible() -> b
    android.view.View onCreateActionView(android.view.MenuItem) -> d
    boolean overridesItemVisibility() -> g
    void setVisibilityListener(androidx.core.view.ActionProvider$VisibilityListener) -> j
androidx.appcompat.view.menu.MenuItemWrapperICS$CollapsibleActionViewWrapper -> androidx.appcompat.view.menu.j$c:
    android.view.CollapsibleActionView mWrappedView -> f
    android.view.View getWrappedView() -> a
    void onActionViewExpanded() -> c
    void onActionViewCollapsed() -> d