build/app/outputs/mapping/release/usage.txt
br.com.nortemkt.alba_app.R$interpolator
br.com.nortemkt.alba_app.R$bool
br.com.nortemkt.alba_app.R$anim
br.com.nortemkt.alba_app.R$plurals
br.com.nortemkt.alba_app.R$xml
br.com.nortemkt.alba_app.R$array
br.com.nortemkt.alba_app.R$styleable
br.com.nortemkt.alba_app.R$font
br.com.nortemkt.alba_app.R$color
br.com.nortemkt.alba_app.R$string
br.com.nortemkt.alba_app.R$layout
br.com.nortemkt.alba_app.R$raw
br.com.nortemkt.alba_app.R$mipmap
br.com.nortemkt.alba_app.R$animator
br.com.nortemkt.alba_app.R$drawable
br.com.nortemkt.alba_app.R$integer
br.com.nortemkt.alba_app.R$id
br.com.nortemkt.alba_app.R$style
br.com.nortemkt.alba_app.R$dimen
br.com.nortemkt.alba_app.R$attr
br.com.nortemkt.alba_app.R
br.com.nortemkt.alba_app.BuildConfig
...
android.support.v4.media.session.PlaybackStateCompat$Builder:
    public android.support.v4.media.session.PlaybackStateCompat$Builder setBufferedPosition(long)
    public android.support.v4.media.session.PlaybackStateCompat$Builder addCustomAction(java.lang.String,java.lang.String,int)
    public android.support.v4.media.session.PlaybackStateCompat$Builder addCustomAction(android.support.v4.media.session.PlaybackStateCompat$CustomAction)
    public android.support.v4.media.session.PlaybackStateCompat$Builder setActiveQueueItemId(long)
    public android.support.v4.media.session.PlaybackStateCompat$Builder setErrorMessage(java.lang.CharSequence)
    public android.support.v4.media.session.PlaybackStateCompat$Builder setErrorMessage(int,java.lang.CharSequence)
    public android.support.v4.media.session.PlaybackStateCompat$Builder setExtras(android.os.Bundle)
kotlinx.coroutines.channels.AbstractChannel$TryPollDesc
com.google.android.exoplayer2.transformer.FrameworkMuxer
androidx.core.app.ComponentActivity:
    public void putExtraData(androidx.core.app.ComponentActivity$ExtraData)
    public androidx.core.app.ComponentActivity$ExtraData getExtraData(java.lang.Class)
    public androidx.lifecycle.Lifecycle getLifecycle()
kotlinx.coroutines.channels.ChannelsKt__ChannelsKt$sendBlocking$1
kotlinx.coroutines.scheduling.TasksKt:
    public static final boolean isBlocking(kotlinx.coroutines.scheduling.Task)
    public static final java.lang.String DEFAULT_DISPATCHER_NAME
    public static final java.lang.String DEFAULT_SCHEDULER_NAME
    public static final int TASK_NON_BLOCKING
    public static final int TASK_PROBABLY_BLOCKING
kotlin.coroutines.CombinedContext$Serialized
com.google.common.base.CharMatcher$Any
com.google.common.cache.LocalCache$Segment$1
com.google.android.exoplayer2.analytics.AnalyticsListener$Events:
    public com.google.android.exoplayer2.analytics.AnalyticsListener$EventTime getEventTime(int)
    public boolean contains(int)
    public varargs boolean containsAny(int[])
    public int size()
    public int get(int)
kotlin.jvm.JvmMultifileClass
kotlin.internal.ProgressionUtilKt:
    private static final long mod(long,long)
    private static final long differenceModulo(long,long,long)
    public static final long getProgressionLastElement(long,long,long)
com.google.common.collect.SortedLists$KeyPresentBehavior$3
com.google.common.io.ByteSource$AsCharSource
kotlinx.coroutines.AwaitKt$awaitAll$1
androidx.appcompat.R$color:
    private void <init>()
    public static final int abc_background_cache_hint_selector_material_dark
    public static final int abc_background_cache_hint_selector_material_light
    public static final int abc_btn_colored_borderless_text_material
    public static final int abc_btn_colored_text_material
    public static final int abc_color_highlight_material
    public static final int abc_hint_foreground_material_dark
    public static final int abc_hint_foreground_material_light
    public static final int abc_primary_text_disable_only_material_dark
    public static final int abc_primary_text_disable_only_material_light
    public static final int abc_primary_text_material_dark
    public static final int abc_primary_text_material_light
    public static final int abc_search_url_text
    public static final int abc_search_url_text_normal
    public static final int abc_search_url_text_pressed
    public static final int abc_search_url_text_selected
    public static final int abc_secondary_text_material_dark
    public static final int abc_secondary_text_material_light
    public static final int accent_material_dark
    public static final int accent_material_light
    public static final int androidx_core_ripple_material_light
    public static final int androidx_core_secondary_text_default_material_light
    public static final int background_floating_material_dark
    public static final int background_floating_material_light
androidx.lifecycle.MediatorLiveData$Source